[    3016ms] [ERROR] Failed to load resource: the server responded with a status of 500 (Internal Server Error) @ http://localhost:3000/dashboard:0
[    3088ms] [INFO] %cDownload the React DevTools for a better development experience: https://react.dev/link/react-devtools font-weight:bold @ http://localhost:3000/_next/static/chunks/node_modules_react-dom_0kla17-._.js:15305
[    3135ms] Error: ./lib/amplify-client.ts:13:1
Module not found: Can't resolve '@/amplify_outputs.json'
  11 | // Amplifyの設定情報（API エンドポイントや認証設定など）を読み込む
  12 | // @/は プロジェクトのルートディレクトリを指すエイリアスです
> 13 | import outputs from '@/amplify_outputs.json';
     | ^^^^^^^^^^^^^^^^^^^^^^^^^^^^^^^^^^^^^^^^^^^^^
  14 |
  15 | /**
  16 |  * Amplifyの初期設定を実行

Import map: aliased to relative './amplify_outputs.json' inside of [project]/


Import trace:
  Server Component:
    ./lib/amplify-client.ts
    ./app/layout.tsx

https://nextjs.org/docs/messages/module-not-found


    at <unknown> (Error: ./lib/amplify-client.ts:13:1)
    at <unknown> (https://nextjs.org/docs/messages/module-not-found)
    at Object.getCompilationErrors (file:///Users/r-osawa/Desktop/develop/auto-money-manager/node_modules/next/dist/server/dev/hot-reloader-turbopack.js:1186:59)
    at DevBundlerService.getCompilationError (file:///Users/r-osawa/Desktop/develop/auto-money-manager/node_modules/next/dist/server/lib/dev-bundler-service.js:44:55)
    at DevServer.getCompilationError (file:///Users/r-osawa/Desktop/develop/auto-money-manager/node_modules/next/dist/server/dev/next-dev-server.js:720:42)
    at DevServer.findPageComponents (file:///Users/r-osawa/Desktop/develop/auto-money-manager/node_modules/next/dist/server/dev/next-dev-server.js:690:43)
    at async DevServer.renderErrorToResponseImpl (file:///Users/r-osawa/Desktop/develop/auto-money-manager/node_modules/next/dist/server/base-server.js:1753:26)
[    3134ms] [LOG] [HMR] connected @ http://localhost:3000/_next/static/chunks/node_modules_next_dist_1gdrd03._.js:1226
[    3213ms] [ERROR] ./lib/amplify-client.ts:13:1
Module not found: Can't resolve '@/amplify_outputs.json'
  11 | // Amplifyの設定情報（API エンドポイントや認証設定など）を読み込む
  12 | // @/は プロジェクトのルートディレクトリを指すエイリアスです
> 13 | import outputs from '@/amplify_outputs.json';
     | ^^^^^^^^^^^^^^^^^^^^^^^^^^^^^^^^^^^^^^^^^^^^^
  14 |
  15 | /**
  16 |  * Amplifyの初期設定を実行

Import map: aliased to relative './amplify_outputs.json' inside of [project]/

Import trace:
  Server Component:
    ./lib/amplify-client.ts
    ./app/layout.tsx

https://nextjs.org/docs/messages/module-not-found @ http://localhost:3000/_next/static/chunks/node_modules_next_dist_1gdrd03._.js:1945
[    3252ms] [ERROR] ./lib/amplify-client.ts:13:1
Module not found: Can't resolve '@/amplify_outputs.json'
  11 | // Amplifyの設定情報（API エンドポイントや認証設定など）を読み込む
  12 | // @/は プロジェクトのルートディレクトリを指すエイリアスです
> 13 | import outputs from '@/amplify_outputs.json';
     | ^^^^^^^^^^^^^^^^^^^^^^^^^^^^^^^^^^^^^^^^^^^^^
  14 |
  15 | /**
  16 |  * Amplifyの初期設定を実行

Import map: aliased to relative './amplify_outputs.json' inside of [project]/

Import trace:
  Server Component:
    ./lib/amplify-client.ts
    ./app/layout.tsx

https://nextjs.org/docs/messages/module-not-found @ http://localhost:3000/_next/static/chunks/node_modules_next_dist_1gdrd03._.js:1945
[    3316ms] [LOG] [Fast Refresh] rebuilding @ http://localhost:3000/_next/static/chunks/node_modules_next_dist_1gdrd03._.js:1226
[    3424ms] [ERROR] ./lib/amplify-client.ts:13:1
Module not found: Can't resolve '@/amplify_outputs.json'
  11 | // Amplifyの設定情報（API エンドポイントや認証設定など）を読み込む
  12 | // @/は プロジェクトのルートディレクトリを指すエイリアスです
> 13 | import outputs from '@/amplify_outputs.json';
     | ^^^^^^^^^^^^^^^^^^^^^^^^^^^^^^^^^^^^^^^^^^^^^
  14 |
  15 | /**
  16 |  * Amplifyの初期設定を実行

Import map: aliased to relative './amplify_outputs.json' inside of [project]/

Import trace:
  Server Component:
    ./lib/amplify-client.ts
    ./app/layout.tsx

https://nextjs.org/docs/messages/module-not-found @ http://localhost:3000/_next/static/chunks/node_modules_next_dist_1gdrd03._.js:1945
[   11162ms] [ERROR] Failed to load resource: the server responded with a status of 500 (Internal Server Error) @ http://localhost:3000/dashboard:0
[   11190ms] [INFO] %cDownload the React DevTools for a better development experience: https://react.dev/link/react-devtools font-weight:bold @ http://localhost:3000/_next/static/chunks/node_modules_react-dom_0kla17-._.js:15305
[   11201ms] Error: ./lib/amplify-client.ts:13:1
Module not found: Can't resolve '@/amplify_outputs.json'
  11 | // Amplifyの設定情報（API エンドポイントや認証設定など）を読み込む
  12 | // @/は プロジェクトのルートディレクトリを指すエイリアスです
> 13 | import outputs from '@/amplify_outputs.json';
     | ^^^^^^^^^^^^^^^^^^^^^^^^^^^^^^^^^^^^^^^^^^^^^
  14 |
  15 | /**
  16 |  * Amplifyの初期設定を実行

Import map: aliased to relative './amplify_outputs.json' inside of [project]/


Import trace:
  Server Component:
    ./lib/amplify-client.ts
    ./app/layout.tsx

https://nextjs.org/docs/messages/module-not-found


    at <unknown> (Error: ./lib/amplify-client.ts:13:1)
    at <unknown> (https://nextjs.org/docs/messages/module-not-found)
    at Object.getCompilationErrors (file:///Users/r-osawa/Desktop/develop/auto-money-manager/node_modules/next/dist/server/dev/hot-reloader-turbopack.js:1186:59)
    at DevBundlerService.getCompilationError (file:///Users/r-osawa/Desktop/develop/auto-money-manager/node_modules/next/dist/server/lib/dev-bundler-service.js:44:55)
    at DevServer.getCompilationError (file:///Users/r-osawa/Desktop/develop/auto-money-manager/node_modules/next/dist/server/dev/next-dev-server.js:720:42)
    at DevServer.findPageComponents (file:///Users/r-osawa/Desktop/develop/auto-money-manager/node_modules/next/dist/server/dev/next-dev-server.js:690:43)
    at async DevServer.renderErrorToResponseImpl (file:///Users/r-osawa/Desktop/develop/auto-money-manager/node_modules/next/dist/server/base-server.js:1753:26)
[   11199ms] [LOG] [HMR] connected @ http://localhost:3000/_next/static/chunks/node_modules_next_dist_1gdrd03._.js:1226
[   11199ms] [ERROR] ./lib/amplify-client.ts:13:1
Module not found: Can't resolve '@/amplify_outputs.json'
  11 | // Amplifyの設定情報（API エンドポイントや認証設定など）を読み込む
  12 | // @/は プロジェクトのルートディレクトリを指すエイリアスです
> 13 | import outputs from '@/amplify_outputs.json';
     | ^^^^^^^^^^^^^^^^^^^^^^^^^^^^^^^^^^^^^^^^^^^^^
  14 |
  15 | /**
  16 |  * Amplifyの初期設定を実行

Import map: aliased to relative './amplify_outputs.json' inside of [project]/

Import trace:
  Server Component:
    ./lib/amplify-client.ts
    ./app/layout.tsx

https://nextjs.org/docs/messages/module-not-found @ http://localhost:3000/_next/static/chunks/node_modules_next_dist_1gdrd03._.js:1945
[   11233ms] [ERROR] ./lib/amplify-client.ts:13:1
Module not found: Can't resolve '@/amplify_outputs.json'
  11 | // Amplifyの設定情報（API エンドポイントや認証設定など）を読み込む
  12 | // @/は プロジェクトのルートディレクトリを指すエイリアスです
> 13 | import outputs from '@/amplify_outputs.json';
     | ^^^^^^^^^^^^^^^^^^^^^^^^^^^^^^^^^^^^^^^^^^^^^
  14 |
  15 | /**
  16 |  * Amplifyの初期設定を実行

Import map: aliased to relative './amplify_outputs.json' inside of [project]/

Import trace:
  Server Component:
    ./lib/amplify-client.ts
    ./app/layout.tsx

https://nextjs.org/docs/messages/module-not-found @ http://localhost:3000/_next/static/chunks/node_modules_next_dist_1gdrd03._.js:1945
[   11301ms] [LOG] [Fast Refresh] rebuilding @ http://localhost:3000/_next/static/chunks/node_modules_next_dist_1gdrd03._.js:1226
[   47385ms] [LOG] [Fast Refresh] rebuilding @ http://localhost:3000/_next/static/chunks/node_modules_next_dist_1gdrd03._.js:1226
[   48078ms] [LOG] [Fast Refresh] done in 98ms @ http://localhost:3000/_next/static/chunks/node_modules_next_dist_1gdrd03._.js:1226
[   48437ms] [INFO] %cDownload the React DevTools for a better development experience: https://react.dev/link/react-devtools font-weight:bold @ http://localhost:3000/_next/static/chunks/node_modules_next_dist_1ybzpk2._.js:2477
[   48523ms] [LOG] [HMR] connected @ http://localhost:3000/_next/static/chunks/node_modules_next_dist_1ybzpk2._.js:2477
